<?xml version="1.0" encoding="UTF-8"?>
<!-- Generated by org.testng.reporters.JUnitReportReporter -->
<testsuite hostname="DESKTOP-TAUR7C6" failures="0" tests="1" name="restBDD.putrequestBDD" time="5.596" errors="0" timestamp="04 Jun 2022 05:11:08 GMT" skipped="0">
  <testcase classname="restBDD.putrequestBDD" name="test1" time="5.596"/>
</testsuite> <!-- restBDD.putrequestBDD -->
