<?xml version="1.0" encoding="UTF-8"?>
<!-- Generated by org.testng.reporters.JUnitReportReporter -->
<testsuite hostname="DESKTOP-TAUR7C6" failures="0" tests="3" name="restBDD.GetrequestBDD" time="4.462" errors="0" timestamp="04 Jun 2022 04:42:56 GMT" skipped="0">
  <testcase classname="restBDD.GetrequestBDD" name="test2" time="1.298"/>
  <testcase classname="restBDD.GetrequestBDD" name="test3" time="0.124"/>
  <testcase classname="restBDD.GetrequestBDD" name="test1" time="3.040"/>
</testsuite> <!-- restBDD.GetrequestBDD -->
