<?xml version="1.0" encoding="UTF-8"?>
<!-- Generated by org.testng.reporters.JUnitReportReporter -->
<testsuite hostname="DESKTOP-TAUR7C6" failures="0" tests="2" name="GitHub.EndToendtest" time="5.419" errors="0" timestamp="29 May 2022 07:27:39 GMT" skipped="0">
  <testcase classname="GitHub.EndToendtest" name="test2" time="1.456"/>
  <testcase classname="GitHub.EndToendtest" name="test1" time="3.963"/>
</testsuite> <!-- GitHub.EndToendtest -->
