<?xml version="1.0" encoding="UTF-8"?>
<!-- Generated by org.testng.reporters.JUnitReportReporter -->
<testsuite hostname="DESKTOP-TAUR7C6" failures="0" tests="1" name="restAPI.postrequestwithfile" time="4.584" errors="0" timestamp="03 Jun 2022 06:32:00 GMT" skipped="0">
  <testcase classname="restAPI.postrequestwithfile" name="test1" time="4.584"/>
</testsuite> <!-- restAPI.postrequestwithfile -->
