<?xml version="1.0" encoding="UTF-8"?>
<!-- Generated by org.testng.reporters.JUnitReportReporter -->
<testsuite hostname="DESKTOP-TAUR7C6" failures="0" tests="1" name="restAPI.GetRequest" time="3.138" errors="0" timestamp="01 Jun 2022 04:39:09 GMT" skipped="0">
  <testcase classname="restAPI.GetRequest" name="test1" time="3.138"/>
</testsuite> <!-- restAPI.GetRequest -->
