<?xml version="1.0" encoding="UTF-8"?>
<!-- Generated by org.testng.reporters.JUnitReportReporter -->
<testsuite hostname="DESKTOP-TAUR7C6" failures="0" tests="1" name="restBDD.DeleterequestBDD" time="3.161" errors="0" timestamp="04 Jun 2022 05:14:29 GMT" skipped="0">
  <testcase classname="restBDD.DeleterequestBDD" name="test1" time="3.161"/>
</testsuite> <!-- restBDD.DeleterequestBDD -->
