<?xml version="1.0" encoding="UTF-8"?>
<!-- Generated by org.testng.reporters.JUnitReportReporter -->
<testsuite hostname="DESKTOP-TAUR7C6" failures="0" tests="1" name="restBDD.PostrequestBDD" time="5.129" errors="0" timestamp="04 Jun 2022 05:08:27 GMT" skipped="0">
  <testcase classname="restBDD.PostrequestBDD" name="test1" time="5.129"/>
</testsuite> <!-- restBDD.PostrequestBDD -->
