<?xml version="1.0" encoding="UTF-8"?>
<!-- Generated by org.testng.reporters.JUnitReportReporter -->
<testsuite hostname="DESKTOP-TAUR7C6" failures="0" tests="1" name="ApiChaining.EndToEndTest" time="5.446" errors="0" timestamp="29 May 2022 07:02:35 GMT" skipped="0">
  <testcase classname="ApiChaining.EndToEndTest" name="test1" time="5.446"/>
</testsuite> <!-- ApiChaining.EndToEndTest -->
